<?xml version="1.0" encoding="UTF-8"?>
<!-- Generated by org.testng.reporters.JUnitXMLReporter -->
<testsuite ignored="0" hostname="DESKTOP-EC1QUI4" failures="0" tests="4" name="Test" time="258.912" errors="0" timestamp="2022-10-10T12:42:12 IST">
  <testcase classname="com.Amazon.TestClasses.TC01_VerifyLoginFunctionality" name="VerifyLoginFunctionality" time="2.014"/>
  <testcase classname="com.Amazon.TestClasses.TC02_VerifySearchTextBox" name="VerifySearchTextBox" time="12.889"/>
  <testcase classname="com.Amazon.TestClasses.TC03_VerifyMobileFunctionty" name="VerifyMobileFunctionty" time="11.4"/>
  <testcase classname="com.Amazon.TestClasses.TC04_VerifySwitchToWindowFunctionality" name="VerifySwitchToWindowFunctionality" time="38.563"/>
</testsuite> <!-- Test -->
